<?xml version="1.0" encoding="UTF-8"?>
<testsuite name="ServicoContatoImplTest" tests="14" skipped="0" failures="0" errors="0" timestamp="2018-11-21T01:51:24" hostname="pc-lily" time="0.049">
  <properties/>
  <testcase name="emailInvalido()" classname="ServicoContatoImplTest" time="0.001"/>
  <testcase name="buscarTestServInvalido()" classname="ServicoContatoImplTest" time="0.005"/>
  <testcase name="nomeComSimboloInvalido()" classname="ServicoContatoImplTest" time="0.0"/>
  <testcase name="inserirServTest()" classname="ServicoContatoImplTest" time="0.001"/>
  <testcase name="listarServTest()" classname="ServicoContatoImplTest" time="0.004"/>
  <testcase name="repetidoCTest()" classname="ServicoContatoImplTest" time="0.005"/>
  <testcase name="espacosBrancosInvalido()" classname="ServicoContatoImplTest" time="0.0"/>
  <testcase name="atualizarServTest()" classname="ServicoContatoImplTest" time="0.006"/>
  <testcase name="telefoneInvalido()" classname="ServicoContatoImplTest" time="0.001"/>
  <testcase name="camposVaziosInvalido()" classname="ServicoContatoImplTest" time="0.0"/>
  <testcase name="removerServTest()" classname="ServicoContatoImplTest" time="0.004"/>
  <testcase name="inserirServTest2()" classname="ServicoContatoImplTest" time="0.005"/>
  <testcase name="buscarServTest()" classname="ServicoContatoImplTest" time="0.005"/>
  <testcase name="tamanhoInvalido()" classname="ServicoContatoImplTest" time="0.001"/>
  <system-out><![CDATA[]]></system-out>
  <system-err><![CDATA[]]></system-err>
</testsuite>
