<?xml version="1.0" encoding="UTF-8"?>
<testsuite name="ContatoDAOImplTest" tests="5" skipped="0" failures="0" errors="0" timestamp="2018-11-21T01:51:24" hostname="pc-lily" time="0.042">
  <properties/>
  <testcase name="inserirDAOTest()" classname="ContatoDAOImplTest" time="0.019"/>
  <testcase name="buscarDAOTest()" classname="ContatoDAOImplTest" time="0.004"/>
  <testcase name="listarDAOTest()" classname="ContatoDAOImplTest" time="0.004"/>
  <testcase name="removerDAOTest()" classname="ContatoDAOImplTest" time="0.003"/>
  <testcase name="atualizarDAOTest()" classname="ContatoDAOImplTest" time="0.007"/>
  <system-out><![CDATA[]]></system-out>
  <system-err><![CDATA[]]></system-err>
</testsuite>
