<?xml version="1.0" encoding="UTF-8"?>
<testsuite name="ServicoUsuarioImplTest" tests="12" skipped="0" failures="0" errors="0" timestamp="2018-11-21T01:51:24" hostname="pc-lily" time="0.053">
  <properties/>
  <testcase name="inserirUsuTest()" classname="ServicoUsuarioImplTest" time="0.002"/>
  <testcase name="inserirUsuTest2()" classname="ServicoUsuarioImplTest" time="0.006"/>
  <testcase name="senhaRedigitadaInvalida()" classname="ServicoUsuarioImplTest" time="0.001"/>
  <testcase name="buscarUsuTest()" classname="ServicoUsuarioImplTest" time="0.006"/>
  <testcase name="listarUsuTest()" classname="ServicoUsuarioImplTest" time="0.005"/>
  <testcase name="caractereInvalido()" classname="ServicoUsuarioImplTest" time="0.0"/>
  <testcase name="removerUsuTest()" classname="ServicoUsuarioImplTest" time="0.006"/>
  <testcase name="nomeRepetido()" classname="ServicoUsuarioImplTest" time="0.007"/>
  <testcase name="atualizarUsuTest()" classname="ServicoUsuarioImplTest" time="0.007"/>
  <testcase name="camposVaziosInvalido()" classname="ServicoUsuarioImplTest" time="0.0"/>
  <testcase name="validarLoginTest()" classname="ServicoUsuarioImplTest" time="0.006"/>
  <testcase name="tamanhoInvalido()" classname="ServicoUsuarioImplTest" time="0.0"/>
  <system-out><![CDATA[]]></system-out>
  <system-err><![CDATA[]]></system-err>
</testsuite>
